<?xml version="1.0" encoding="UTF-8"?>
<!-- Generated by org.testng.reporters.JUnitXMLReporter -->
<testsuite ignored="0" hostname="DESKTOP-SJ47BRU" failures="0" tests="3" name="Default test" time="55.222" errors="0" timestamp="2020-12-19T20:24:37 IST">
  <testcase classname="Assignment11.Test_Scenario.testCleartrip" name="accessBrowser" time="7.611"/>
  <testcase classname="Assignment11.Test_Scenario.testCleartrip" name="searchFlight" time="17.805"/>
  <testcase classname="Assignment11.Test_Scenario.testCleartrip" name="selectFlight" time="9.753"/>
</testsuite> <!-- Default test -->
