<?xml version="1.0" encoding="UTF-8"?>
<testng-results ignored="0" total="3" passed="3" failed="0" skipped="0">
  <reporter-output>
  </reporter-output>
  <suite started-at="2020-12-19T20:23:41 IST" name="Default suite" finished-at="2020-12-19T20:24:36 IST" duration-ms="55222">
    <groups>
    </groups>
    <test started-at="2020-12-19T20:23:41 IST" name="Default test" finished-at="2020-12-19T20:24:36 IST" duration-ms="55222">
      <class name="Assignment11.Test_Scenario.testCleartrip">
        <test-method is-config="true" signature="getReport()[pri:0, instance:Assignment11.Test_Scenario.testCleartrip@67a20f67]" started-at="2020-12-19T20:23:41 IST" name="getReport" finished-at="2020-12-19T20:23:41 IST" duration-ms="314" status="PASS">
          <reporter-output>
          </reporter-output>
        </test-method> <!-- getReport -->
        <test-method is-config="true" signature="initializer()[pri:0, instance:Assignment11.Test_Scenario.testCleartrip@67a20f67]" started-at="2020-12-19T20:23:41 IST" name="initializer" finished-at="2020-12-19T20:23:47 IST" duration-ms="5552" status="PASS">
          <reporter-output>
          </reporter-output>
        </test-method> <!-- initializer -->
        <test-method signature="accessBrowser()[pri:0, instance:Assignment11.Test_Scenario.testCleartrip@67a20f67]" started-at="2020-12-19T20:23:47 IST" name="accessBrowser" finished-at="2020-12-19T20:23:54 IST" duration-ms="7611" status="PASS">
          <reporter-output>
          </reporter-output>
        </test-method> <!-- accessBrowser -->
        <test-method signature="searchFlight()[pri:0, instance:Assignment11.Test_Scenario.testCleartrip@67a20f67]" started-at="2020-12-19T20:23:54 IST" name="searchFlight" finished-at="2020-12-19T20:24:12 IST" duration-ms="17805" status="PASS">
          <reporter-output>
          </reporter-output>
        </test-method> <!-- searchFlight -->
        <test-method signature="selectFlight()[pri:0, instance:Assignment11.Test_Scenario.testCleartrip@67a20f67]" started-at="2020-12-19T20:24:12 IST" name="selectFlight" finished-at="2020-12-19T20:24:22 IST" duration-ms="9753" status="PASS">
          <reporter-output>
          </reporter-output>
        </test-method> <!-- selectFlight -->
        <test-method is-config="true" signature="reviewIternary()[pri:0, instance:Assignment11.Test_Scenario.testCleartrip@67a20f67]" started-at="2020-12-19T20:24:22 IST" name="reviewIternary" finished-at="2020-12-19T20:24:36 IST" duration-ms="14435" status="PASS">
          <reporter-output>
          </reporter-output>
        </test-method> <!-- reviewIternary -->
        <test-method is-config="true" signature="userDetails()[pri:0, instance:Assignment11.Test_Scenario.testCleartrip@67a20f67]" started-at="2020-12-19T20:24:37 IST" name="userDetails" finished-at="2020-12-19T20:24:41 IST" duration-ms="4855" status="PASS">
          <reporter-output>
          </reporter-output>
        </test-method> <!-- userDetails -->
      </class> <!-- Assignment11.Test_Scenario.testCleartrip -->
    </test> <!-- Default test -->
  </suite> <!-- Default suite -->
</testng-results>
